Build started 16/02/2016 16:29:37.
     1>Project "F:\Engª.Informatica\2.ano\1ºsemestre\POO\Prática\15307_17210_ProjetoFinal_POO\Projeto Final\TP_Final_POO\TP_Final_POO\TP_Final_POO.vcxproj" on node 2 (Build target(s)).
     1>ClCompile:
         C:\Program Files\Microsoft Visual Studio 14.0\VC\bin\CL.exe /c /ZI /nologo /W3 /WX- /sdl /Od /Oy- /D _CRT_SECURE_NO_WARNINGS /Gm /EHsc /RTC1 /MDd /GS /fp:precise /Zc:wchar_t /Zc:forScope /Zc:inline /Fo"Debug\\" /Fd"Debug\vc140.pdb" /Gd /TP /analyze- /errorReport:prompt Gauss.cpp ProgHist.cpp
         ProgHist.cpp
         Gauss.cpp
         Generating Code...
       Link:
         C:\Program Files\Microsoft Visual Studio 14.0\VC\bin\link.exe /ERRORREPORT:PROMPT /OUT:"F:\Engª.Informatica\2.ano\1ºsemestre\POO\Prática\15307_17210_ProjetoFinal_POO\Projeto Final\TP_Final_POO\TP_Final_POO\Debug\TP_Final_POO.exe" /INCREMENTAL /NOLOGO kernel32.lib user32.lib gdi32.lib winspool.lib comdlg32.lib advapi32.lib shell32.lib ole32.lib oleaut32.lib uuid.lib odbc32.lib odbccp32.lib /MANIFEST /MANIFESTUAC:"level='asInvoker' uiAccess='false'" /manifest:embed /Debug /PDB:"F:\Engª.Informatica\2.ano\1ºsemestre\POO\Prática\15307_17210_ProjetoFinal_POO\Projeto Final\TP_Final_POO\TP_Final_POO\Debug\TP_Final_POO.pdb" /SUBSYSTEM:CONSOLE /TLBID:1 /DYNAMICBASE /NXCOMPAT /IMPLIB:"F:\Engª.Informatica\2.ano\1ºsemestre\POO\Prática\15307_17210_ProjetoFinal_POO\Projeto Final\TP_Final_POO\TP_Final_POO\Debug\TP_Final_POO.lib" /MACHINE:X86 Debug\Gauss.obj
         Debug\Histograma.obj
         Debug\Main.obj
         Debug\Menu.obj
         Debug\MItem.obj
         Debug\PontoXY.obj
         Debug\ProgHist.obj
         Debug\stdafx.obj
         TP_Final_POO.vcxproj -> F:\Engª.Informatica\2.ano\1ºsemestre\POO\Prática\15307_17210_ProjetoFinal_POO\Projeto Final\TP_Final_POO\TP_Final_POO\Debug\TP_Final_POO.exe
     1>Done Building Project "F:\Engª.Informatica\2.ano\1ºsemestre\POO\Prática\15307_17210_ProjetoFinal_POO\Projeto Final\TP_Final_POO\TP_Final_POO\TP_Final_POO.vcxproj" (Build target(s)).

Build succeeded.

Time Elapsed 00:00:23.78
